2024-06-12 15:49:58,412 [Worker-6: Loading available Gradle versions] INFO  o.e.b.c.i.u.g.PublishedGradleVersions - Gradle version information cache is up-to-date. Trying to read.
2024-06-12 15:50:35,420 [Worker-18: Importing Maven projects] INFO  o.e.m.c.i.l.LifecycleMappingFactory - Using org.eclipse.m2e.jdt.JarLifecycleMapping lifecycle mapping for MavenProject: com.project:quizapp:0.0.1-SNAPSHOT @ D:\quizapp\pom.xml.
2024-06-12 15:50:39,853 [Worker-18: Importing Maven projects] INFO  o.e.m.j.i.AbstractJavaProjectConfigurator - Adding source folder /quizapp/src/main/java
2024-06-12 15:50:39,859 [Worker-18: Importing Maven projects] INFO  o.e.m.j.i.AbstractJavaProjectConfigurator - Adding resource folder /quizapp/src/main/resources
2024-06-12 15:50:39,863 [Worker-18: Importing Maven projects] INFO  o.e.m.j.i.AbstractJavaProjectConfigurator - Adding resource folder /quizapp/src/main/resources
2024-06-12 15:50:39,868 [Worker-18: Importing Maven projects] INFO  o.e.m.j.i.AbstractJavaProjectConfigurator - Adding source folder /quizapp/src/test/java
2024-06-12 15:50:39,871 [Worker-18: Importing Maven projects] INFO  o.e.m.j.i.AbstractJavaProjectConfigurator - Adding resource folder /quizapp/src/test/resources
2024-06-12 15:50:39,875 [Worker-18: Importing Maven projects] ERROR o.e.m.j.i.AbstractJavaProjectConfigurator - Failed to find a compatible VM for environment id 'JavaSE-21', falling back to workspace default
2024-06-12 15:50:40,724 [Worker-18: Importing Maven projects] INFO  o.e.m.c.i.p.ProjectConfigurationManager - Imported and configured 1 project(s) in 9 sec
2024-06-12 15:50:42,776 [Worker-6: Building] INFO  o.a.m.s.f.DefaultMavenResourcesFiltering - Copying 1 resource from src\main\resources to target\classes
2024-06-12 15:50:42,806 [Worker-6: Building] INFO  o.a.m.s.f.DefaultMavenResourcesFiltering - Copying 0 resource from src\main\resources to target\classes
2024-06-12 15:50:42,814 [Worker-6: Building] INFO  o.a.m.s.f.DefaultMavenResourcesFiltering - skip non existing resourceDirectory D:\quizapp\src\test\resources
2024-06-12 21:43:21,836 [Worker-0: Loading available Gradle versions] INFO  o.e.b.c.i.u.g.PublishedGradleVersions - Gradle version information cache is up-to-date. Trying to read.
2024-06-12 21:45:15,878 [Worker-1: Loading available Gradle versions] INFO  o.e.b.c.i.u.g.PublishedGradleVersions - Gradle version information cache is up-to-date. Trying to read.
2024-06-12 21:47:50,839 [Worker-1: Loading available Gradle versions] INFO  o.e.b.c.i.u.g.PublishedGradleVersions - Gradle version information cache is up-to-date. Trying to read.
2024-06-12 21:49:12,386 [Worker-5: Loading available Gradle versions] INFO  o.e.b.c.i.u.g.PublishedGradleVersions - Gradle version information cache is up-to-date. Trying to read.
2024-06-12 21:49:33,387 [Worker-9: Importing Maven projects] INFO  o.e.m.c.i.l.LifecycleMappingFactory - Using org.eclipse.m2e.jdt.JarLifecycleMapping lifecycle mapping for MavenProject: com.project:quizapp:0.0.1-SNAPSHOT @ D:\myApp\Quiz_App\pom.xml.
2024-06-12 21:49:38,936 [Worker-9: Importing Maven projects] INFO  o.e.m.j.i.AbstractJavaProjectConfigurator - Adding source folder /Quiz_App/src/main/java
2024-06-12 21:49:38,940 [Worker-9: Importing Maven projects] INFO  o.e.m.j.i.AbstractJavaProjectConfigurator - Adding resource folder /Quiz_App/src/main/resources
2024-06-12 21:49:38,942 [Worker-9: Importing Maven projects] INFO  o.e.m.j.i.AbstractJavaProjectConfigurator - Adding resource folder /Quiz_App/src/main/resources
2024-06-12 21:49:38,943 [Worker-9: Importing Maven projects] INFO  o.e.m.j.i.AbstractJavaProjectConfigurator - Adding source folder /Quiz_App/src/test/java
2024-06-12 21:49:38,945 [Worker-9: Importing Maven projects] INFO  o.e.m.j.i.AbstractJavaProjectConfigurator - Adding resource folder /Quiz_App/src/test/resources
2024-06-12 21:49:38,948 [Worker-9: Importing Maven projects] ERROR o.e.m.j.i.AbstractJavaProjectConfigurator - Failed to find a compatible VM for environment id 'JavaSE-21', falling back to workspace default
2024-06-12 21:49:39,340 [Worker-9: Importing Maven projects] INFO  o.e.m.c.i.p.ProjectConfigurationManager - Imported and configured 1 project(s) in 8 sec
2024-06-12 21:49:39,874 [Worker-4: Updating Maven Project] INFO  o.e.m.c.i.p.ProjectConfigurationManager - Update started
2024-06-12 21:49:40,964 [Worker-4: Updating Maven Project] INFO  o.e.m.c.i.l.LifecycleMappingFactory - Using org.eclipse.m2e.jdt.JarLifecycleMapping lifecycle mapping for MavenProject: com.project:quizapp:0.0.1-SNAPSHOT @ D:\myApp\Quiz_App\pom.xml.
2024-06-12 21:49:43,279 [Worker-4: Updating Maven Project] INFO  o.e.m.j.i.AbstractJavaProjectConfigurator - Adding source folder /Quiz_App/src/main/java
2024-06-12 21:49:43,281 [Worker-4: Updating Maven Project] INFO  o.e.m.j.i.AbstractJavaProjectConfigurator - Adding resource folder /Quiz_App/src/main/resources
2024-06-12 21:49:43,283 [Worker-4: Updating Maven Project] INFO  o.e.m.j.i.AbstractJavaProjectConfigurator - Adding resource folder /Quiz_App/src/main/resources
2024-06-12 21:49:43,285 [Worker-4: Updating Maven Project] INFO  o.e.m.j.i.AbstractJavaProjectConfigurator - Adding source folder /Quiz_App/src/test/java
2024-06-12 21:49:43,286 [Worker-4: Updating Maven Project] INFO  o.e.m.j.i.AbstractJavaProjectConfigurator - Adding resource folder /Quiz_App/src/test/resources
2024-06-12 21:49:43,287 [Worker-4: Updating Maven Project] ERROR o.e.m.j.i.AbstractJavaProjectConfigurator - Failed to find a compatible VM for environment id 'JavaSE-21', falling back to workspace default
2024-06-12 21:49:44,036 [Worker-4: Updating Maven Project] INFO  o.e.m.c.i.p.ProjectConfigurationManager - Update completed for 1 poms: local refresh takes 0.00 sec, refresh facades takes 3.00 sec, update config takes 0.00 sec 
2024-06-12 21:49:45,438 [Worker-17: Building] INFO  o.a.m.s.f.DefaultMavenResourcesFiltering - Copying 1 resource from src\main\resources to target\classes
2024-06-12 21:49:45,463 [Worker-17: Building] INFO  o.a.m.s.f.DefaultMavenResourcesFiltering - Copying 0 resource from src\main\resources to target\classes
2024-06-12 21:49:45,469 [Worker-17: Building] INFO  o.a.m.s.f.DefaultMavenResourcesFiltering - skip non existing resourceDirectory D:\myApp\Quiz_App\src\test\resources
2024-06-12 21:50:12,174 [Worker-17: Launching Executing install in D__myApp_Quiz_App] INFO  o.eclipse.m2e.core.internal.Bundles - getClasspathEntries(Bundle=org.eclipse.m2e.maven.runtime_3.9.600.20231203-1234 [637])
2024-06-12 21:50:12,176 [Worker-17: Launching Executing install in D__myApp_Quiz_App] INFO  o.eclipse.m2e.core.internal.Bundles - 	Entry: C:\Users\ganesh.guguloth\.p2\pool\plugins\org.eclipse.m2e.maven.runtime_3.9.600.20231203-1234
2024-06-12 21:50:12,176 [Worker-17: Launching Executing install in D__myApp_Quiz_App] INFO  o.eclipse.m2e.core.internal.Bundles - 	Entry: C:\Users\ganesh.guguloth\.p2\pool\plugins\org.eclipse.m2e.maven.runtime_3.9.600.20231203-1234\jars\aopalliance-1.0.jar
2024-06-12 21:50:12,176 [Worker-17: Launching Executing install in D__myApp_Quiz_App] INFO  o.eclipse.m2e.core.internal.Bundles - 	Entry: C:\Users\ganesh.guguloth\.p2\pool\plugins\org.eclipse.m2e.maven.runtime_3.9.600.20231203-1234\jars\guice-5.1.0.jar
2024-06-12 21:50:12,177 [Worker-17: Launching Executing install in D__myApp_Quiz_App] INFO  o.eclipse.m2e.core.internal.Bundles - 	Entry: C:\Users\ganesh.guguloth\.p2\pool\plugins\org.eclipse.m2e.maven.runtime_3.9.600.20231203-1234\jars\httpclient-4.5.14.jar
2024-06-12 21:50:12,177 [Worker-17: Launching Executing install in D__myApp_Quiz_App] INFO  o.eclipse.m2e.core.internal.Bundles - 	Entry: C:\Users\ganesh.guguloth\.p2\pool\plugins\org.eclipse.m2e.maven.runtime_3.9.600.20231203-1234\jars\httpcore-4.4.16.jar
2024-06-12 21:50:12,177 [Worker-17: Launching Executing install in D__myApp_Quiz_App] INFO  o.eclipse.m2e.core.internal.Bundles - 	Entry: C:\Users\ganesh.guguloth\.p2\pool\plugins\org.eclipse.m2e.maven.runtime_3.9.600.20231203-1234\jars\jansi-2.4.0.jar
2024-06-12 21:50:12,177 [Worker-17: Launching Executing install in D__myApp_Quiz_App] INFO  o.eclipse.m2e.core.internal.Bundles - 	Entry: C:\Users\ganesh.guguloth\.p2\pool\plugins\org.eclipse.m2e.maven.runtime_3.9.600.20231203-1234\jars\jcl-over-slf4j-1.7.36.jar
2024-06-12 21:50:12,177 [Worker-17: Launching Executing install in D__myApp_Quiz_App] INFO  o.eclipse.m2e.core.internal.Bundles - 	Entry: C:\Users\ganesh.guguloth\.p2\pool\plugins\org.eclipse.m2e.maven.runtime_3.9.600.20231203-1234\jars\maven-artifact-3.9.6.jar
2024-06-12 21:50:12,177 [Worker-17: Launching Executing install in D__myApp_Quiz_App] INFO  o.eclipse.m2e.core.internal.Bundles - 	Entry: C:\Users\ganesh.guguloth\.p2\pool\plugins\org.eclipse.m2e.maven.runtime_3.9.600.20231203-1234\jars\maven-builder-support-3.9.6.jar
2024-06-12 21:50:12,178 [Worker-17: Launching Executing install in D__myApp_Quiz_App] INFO  o.eclipse.m2e.core.internal.Bundles - 	Entry: C:\Users\ganesh.guguloth\.p2\pool\plugins\org.eclipse.m2e.maven.runtime_3.9.600.20231203-1234\jars\maven-compat-3.9.6.jar
2024-06-12 21:50:12,178 [Worker-17: Launching Executing install in D__myApp_Quiz_App] INFO  o.eclipse.m2e.core.internal.Bundles - 	Entry: C:\Users\ganesh.guguloth\.p2\pool\plugins\org.eclipse.m2e.maven.runtime_3.9.600.20231203-1234\jars\maven-core-3.9.6.jar
2024-06-12 21:50:12,178 [Worker-17: Launching Executing install in D__myApp_Quiz_App] INFO  o.eclipse.m2e.core.internal.Bundles - 	Entry: C:\Users\ganesh.guguloth\.p2\pool\plugins\org.eclipse.m2e.maven.runtime_3.9.600.20231203-1234\jars\maven-embedder-3.9.6.jar
2024-06-12 21:50:12,178 [Worker-17: Launching Executing install in D__myApp_Quiz_App] INFO  o.eclipse.m2e.core.internal.Bundles - 	Entry: C:\Users\ganesh.guguloth\.p2\pool\plugins\org.eclipse.m2e.maven.runtime_3.9.600.20231203-1234\jars\maven-model-3.9.6.jar
2024-06-12 21:50:12,178 [Worker-17: Launching Executing install in D__myApp_Quiz_App] INFO  o.eclipse.m2e.core.internal.Bundles - 	Entry: C:\Users\ganesh.guguloth\.p2\pool\plugins\org.eclipse.m2e.maven.runtime_3.9.600.20231203-1234\jars\maven-model-builder-3.9.6.jar
2024-06-12 21:50:12,178 [Worker-17: Launching Executing install in D__myApp_Quiz_App] INFO  o.eclipse.m2e.core.internal.Bundles - 	Entry: C:\Users\ganesh.guguloth\.p2\pool\plugins\org.eclipse.m2e.maven.runtime_3.9.600.20231203-1234\jars\maven-plugin-api-3.9.6.jar
2024-06-12 21:50:12,179 [Worker-17: Launching Executing install in D__myApp_Quiz_App] INFO  o.eclipse.m2e.core.internal.Bundles - 	Entry: C:\Users\ganesh.guguloth\.p2\pool\plugins\org.eclipse.m2e.maven.runtime_3.9.600.20231203-1234\jars\maven-repository-metadata-3.9.6.jar
2024-06-12 21:50:12,179 [Worker-17: Launching Executing install in D__myApp_Quiz_App] INFO  o.eclipse.m2e.core.internal.Bundles - 	Entry: C:\Users\ganesh.guguloth\.p2\pool\plugins\org.eclipse.m2e.maven.runtime_3.9.600.20231203-1234\jars\maven-resolver-api-1.9.18.jar
2024-06-12 21:50:12,179 [Worker-17: Launching Executing install in D__myApp_Quiz_App] INFO  o.eclipse.m2e.core.internal.Bundles - 	Entry: C:\Users\ganesh.guguloth\.p2\pool\plugins\org.eclipse.m2e.maven.runtime_3.9.600.20231203-1234\jars\maven-resolver-connector-basic-1.9.18.jar
2024-06-12 21:50:12,179 [Worker-17: Launching Executing install in D__myApp_Quiz_App] INFO  o.eclipse.m2e.core.internal.Bundles - 	Entry: C:\Users\ganesh.guguloth\.p2\pool\plugins\org.eclipse.m2e.maven.runtime_3.9.600.20231203-1234\jars\maven-resolver-impl-1.9.18.jar
2024-06-12 21:50:12,179 [Worker-17: Launching Executing install in D__myApp_Quiz_App] INFO  o.eclipse.m2e.core.internal.Bundles - 	Entry: C:\Users\ganesh.guguloth\.p2\pool\plugins\org.eclipse.m2e.maven.runtime_3.9.600.20231203-1234\jars\maven-resolver-named-locks-1.9.18.jar
2024-06-12 21:50:12,179 [Worker-17: Launching Executing install in D__myApp_Quiz_App] INFO  o.eclipse.m2e.core.internal.Bundles - 	Entry: C:\Users\ganesh.guguloth\.p2\pool\plugins\org.eclipse.m2e.maven.runtime_3.9.600.20231203-1234\jars\maven-resolver-provider-3.9.6.jar
2024-06-12 21:50:12,179 [Worker-17: Launching Executing install in D__myApp_Quiz_App] INFO  o.eclipse.m2e.core.internal.Bundles - 	Entry: C:\Users\ganesh.guguloth\.p2\pool\plugins\org.eclipse.m2e.maven.runtime_3.9.600.20231203-1234\jars\maven-resolver-spi-1.9.18.jar
2024-06-12 21:50:12,180 [Worker-17: Launching Executing install in D__myApp_Quiz_App] INFO  o.eclipse.m2e.core.internal.Bundles - 	Entry: C:\Users\ganesh.guguloth\.p2\pool\plugins\org.eclipse.m2e.maven.runtime_3.9.600.20231203-1234\jars\maven-resolver-transport-file-1.9.18.jar
2024-06-12 21:50:12,180 [Worker-17: Launching Executing install in D__myApp_Quiz_App] INFO  o.eclipse.m2e.core.internal.Bundles - 	Entry: C:\Users\ganesh.guguloth\.p2\pool\plugins\org.eclipse.m2e.maven.runtime_3.9.600.20231203-1234\jars\maven-resolver-transport-http-1.9.18.jar
2024-06-12 21:50:12,180 [Worker-17: Launching Executing install in D__myApp_Quiz_App] INFO  o.eclipse.m2e.core.internal.Bundles - 	Entry: C:\Users\ganesh.guguloth\.p2\pool\plugins\org.eclipse.m2e.maven.runtime_3.9.600.20231203-1234\jars\maven-resolver-transport-wagon-1.9.18.jar
2024-06-12 21:50:12,180 [Worker-17: Launching Executing install in D__myApp_Quiz_App] INFO  o.eclipse.m2e.core.internal.Bundles - 	Entry: C:\Users\ganesh.guguloth\.p2\pool\plugins\org.eclipse.m2e.maven.runtime_3.9.600.20231203-1234\jars\maven-resolver-util-1.9.18.jar
2024-06-12 21:50:12,180 [Worker-17: Launching Executing install in D__myApp_Quiz_App] INFO  o.eclipse.m2e.core.internal.Bundles - 	Entry: C:\Users\ganesh.guguloth\.p2\pool\plugins\org.eclipse.m2e.maven.runtime_3.9.600.20231203-1234\jars\maven-settings-3.9.6.jar
2024-06-12 21:50:12,180 [Worker-17: Launching Executing install in D__myApp_Quiz_App] INFO  o.eclipse.m2e.core.internal.Bundles - 	Entry: C:\Users\ganesh.guguloth\.p2\pool\plugins\org.eclipse.m2e.maven.runtime_3.9.600.20231203-1234\jars\maven-settings-builder-3.9.6.jar
2024-06-12 21:50:12,180 [Worker-17: Launching Executing install in D__myApp_Quiz_App] INFO  o.eclipse.m2e.core.internal.Bundles - 	Entry: C:\Users\ganesh.guguloth\.p2\pool\plugins\org.eclipse.m2e.maven.runtime_3.9.600.20231203-1234\jars\maven-shared-utils-3.3.4.jar
2024-06-12 21:50:12,180 [Worker-17: Launching Executing install in D__myApp_Quiz_App] INFO  o.eclipse.m2e.core.internal.Bundles - 	Entry: C:\Users\ganesh.guguloth\.p2\pool\plugins\org.eclipse.m2e.maven.runtime_3.9.600.20231203-1234\jars\org.eclipse.sisu.inject-0.9.0.M2.jar
2024-06-12 21:50:12,181 [Worker-17: Launching Executing install in D__myApp_Quiz_App] INFO  o.eclipse.m2e.core.internal.Bundles - 	Entry: C:\Users\ganesh.guguloth\.p2\pool\plugins\org.eclipse.m2e.maven.runtime_3.9.600.20231203-1234\jars\org.eclipse.sisu.plexus-0.9.0.M2.jar
2024-06-12 21:50:12,181 [Worker-17: Launching Executing install in D__myApp_Quiz_App] INFO  o.eclipse.m2e.core.internal.Bundles - 	Entry: C:\Users\ganesh.guguloth\.p2\pool\plugins\org.eclipse.m2e.maven.runtime_3.9.600.20231203-1234\jars\plexus-build-api-0.0.7.jar
2024-06-12 21:50:12,181 [Worker-17: Launching Executing install in D__myApp_Quiz_App] INFO  o.eclipse.m2e.core.internal.Bundles - 	Entry: C:\Users\ganesh.guguloth\.p2\pool\plugins\org.eclipse.m2e.maven.runtime_3.9.600.20231203-1234\jars\plexus-cipher-2.0.jar
2024-06-12 21:50:12,181 [Worker-17: Launching Executing install in D__myApp_Quiz_App] INFO  o.eclipse.m2e.core.internal.Bundles - 	Entry: C:\Users\ganesh.guguloth\.p2\pool\plugins\org.eclipse.m2e.maven.runtime_3.9.600.20231203-1234\jars\plexus-classworlds-2.7.0.jar
2024-06-12 21:50:12,181 [Worker-17: Launching Executing install in D__myApp_Quiz_App] INFO  o.eclipse.m2e.core.internal.Bundles - 	Entry: C:\Users\ganesh.guguloth\.p2\pool\plugins\org.eclipse.m2e.maven.runtime_3.9.600.20231203-1234\jars\plexus-component-annotations-2.1.0.jar
2024-06-12 21:50:12,181 [Worker-17: Launching Executing install in D__myApp_Quiz_App] INFO  o.eclipse.m2e.core.internal.Bundles - 	Entry: C:\Users\ganesh.guguloth\.p2\pool\plugins\org.eclipse.m2e.maven.runtime_3.9.600.20231203-1234\jars\plexus-interpolation-1.26.jar
2024-06-12 21:50:12,181 [Worker-17: Launching Executing install in D__myApp_Quiz_App] INFO  o.eclipse.m2e.core.internal.Bundles - 	Entry: C:\Users\ganesh.guguloth\.p2\pool\plugins\org.eclipse.m2e.maven.runtime_3.9.600.20231203-1234\jars\plexus-sec-dispatcher-2.0.jar
2024-06-12 21:50:12,182 [Worker-17: Launching Executing install in D__myApp_Quiz_App] INFO  o.eclipse.m2e.core.internal.Bundles - 	Entry: C:\Users\ganesh.guguloth\.p2\pool\plugins\org.eclipse.m2e.maven.runtime_3.9.600.20231203-1234\jars\plexus-utils-3.5.1.jar
2024-06-12 21:50:12,182 [Worker-17: Launching Executing install in D__myApp_Quiz_App] INFO  o.eclipse.m2e.core.internal.Bundles - 	Entry: C:\Users\ganesh.guguloth\.p2\pool\plugins\org.eclipse.m2e.maven.runtime_3.9.600.20231203-1234\jars\wagon-file-3.5.3.jar
2024-06-12 21:50:12,182 [Worker-17: Launching Executing install in D__myApp_Quiz_App] INFO  o.eclipse.m2e.core.internal.Bundles - 	Entry: C:\Users\ganesh.guguloth\.p2\pool\plugins\org.eclipse.m2e.maven.runtime_3.9.600.20231203-1234\jars\wagon-http-3.5.3.jar
2024-06-12 21:50:12,182 [Worker-17: Launching Executing install in D__myApp_Quiz_App] INFO  o.eclipse.m2e.core.internal.Bundles - 	Entry: C:\Users\ganesh.guguloth\.p2\pool\plugins\org.eclipse.m2e.maven.runtime_3.9.600.20231203-1234\jars\wagon-http-shared-3.5.3.jar
2024-06-12 21:50:12,182 [Worker-17: Launching Executing install in D__myApp_Quiz_App] INFO  o.eclipse.m2e.core.internal.Bundles - 	Entry: C:\Users\ganesh.guguloth\.p2\pool\plugins\org.eclipse.m2e.maven.runtime_3.9.600.20231203-1234\jars\wagon-provider-api-3.5.3.jar
2024-06-12 21:50:12,184 [Worker-17: Launching Executing install in D__myApp_Quiz_App] INFO  o.eclipse.m2e.core.internal.Bundles - getClasspathEntries(Bundle=com.google.guava_33.0.0.jre [14])
2024-06-12 21:50:12,185 [Worker-17: Launching Executing install in D__myApp_Quiz_App] INFO  o.eclipse.m2e.core.internal.Bundles - 	Entry: C:\Users\ganesh.guguloth\.p2\pool\plugins\com.google.guava_33.0.0.jre.jar
2024-06-12 21:50:12,185 [Worker-17: Launching Executing install in D__myApp_Quiz_App] INFO  o.eclipse.m2e.core.internal.Bundles - getClasspathEntries(Bundle=slf4j.api_2.0.13 [999])
2024-06-12 21:50:12,185 [Worker-17: Launching Executing install in D__myApp_Quiz_App] INFO  o.eclipse.m2e.core.internal.Bundles - 	Entry: C:\Users\ganesh.guguloth\.p2\pool\plugins\slf4j.api_2.0.13.jar
2024-06-12 21:50:12,185 [Worker-17: Launching Executing install in D__myApp_Quiz_App] INFO  o.eclipse.m2e.core.internal.Bundles - getClasspathEntries(Bundle=jakarta.inject.jakarta.inject-api_1.0.5 [32])
2024-06-12 21:50:12,186 [Worker-17: Launching Executing install in D__myApp_Quiz_App] INFO  o.eclipse.m2e.core.internal.Bundles - 	Entry: C:\Users\ganesh.guguloth\.p2\pool\plugins\jakarta.inject.jakarta.inject-api_1.0.5.jar
2024-06-12 21:50:12,186 [Worker-17: Launching Executing install in D__myApp_Quiz_App] INFO  o.eclipse.m2e.core.internal.Bundles - getClasspathEntries(Bundle=jakarta.annotation-api_1.3.5 [27])
2024-06-12 21:50:12,186 [Worker-17: Launching Executing install in D__myApp_Quiz_App] INFO  o.eclipse.m2e.core.internal.Bundles - 	Entry: C:\Users\ganesh.guguloth\.p2\pool\plugins\jakarta.annotation-api_1.3.5.jar
2024-06-12 21:50:12,186 [Worker-17: Launching Executing install in D__myApp_Quiz_App] INFO  o.eclipse.m2e.core.internal.Bundles - getClasspathEntries(Bundle=org.apache.commons.cli_1.6.0 [75])
2024-06-12 21:50:12,186 [Worker-17: Launching Executing install in D__myApp_Quiz_App] INFO  o.eclipse.m2e.core.internal.Bundles - 	Entry: C:\Users\ganesh.guguloth\.p2\pool\plugins\org.apache.commons.cli_1.6.0.jar
2024-06-12 21:50:12,186 [Worker-17: Launching Executing install in D__myApp_Quiz_App] INFO  o.eclipse.m2e.core.internal.Bundles - getClasspathEntries(Bundle=org.apache.commons.commons-codec_1.16.0 [78])
2024-06-12 21:50:12,187 [Worker-17: Launching Executing install in D__myApp_Quiz_App] INFO  o.eclipse.m2e.core.internal.Bundles - 	Entry: C:\Users\ganesh.guguloth\.p2\pool\plugins\org.apache.commons.commons-codec_1.16.0.jar
2024-06-12 21:50:12,187 [Worker-17: Launching Executing install in D__myApp_Quiz_App] INFO  o.eclipse.m2e.core.internal.Bundles - getClasspathEntries(Bundle=org.apache.commons.lang3_3.14.0 [86])
2024-06-12 21:50:12,187 [Worker-17: Launching Executing install in D__myApp_Quiz_App] INFO  o.eclipse.m2e.core.internal.Bundles - 	Entry: C:\Users\ganesh.guguloth\.p2\pool\plugins\org.apache.commons.lang3_3.14.0.jar
2024-06-12 21:50:12,187 [Worker-17: Launching Executing install in D__myApp_Quiz_App] INFO  o.eclipse.m2e.core.internal.Bundles - getClasspathEntries(Bundle=com.google.guava.failureaccess_1.0.2 [15])
2024-06-12 21:50:12,187 [Worker-17: Launching Executing install in D__myApp_Quiz_App] INFO  o.eclipse.m2e.core.internal.Bundles - 	Entry: C:\Users\ganesh.guguloth\.p2\pool\plugins\com.google.guava.failureaccess_1.0.2.jar
2024-06-12 21:50:12,196 [Worker-17: Launching Executing install in D__myApp_Quiz_App] INFO  o.e.m.i.launch.MavenLaunchDelegate - Run build in "D:\myApp\Quiz_App":
2024-06-12 21:50:12,200 [Worker-17: Launching Executing install in D__myApp_Quiz_App] INFO  o.e.m.i.launch.MavenLaunchDelegate -  mvn  -B -Dstyle.color=always install
2024-06-12 22:01:14,130 [Worker-1: Loading available Gradle versions] INFO  o.e.b.c.i.u.g.PublishedGradleVersions - Gradle version information cache is up-to-date. Trying to read.
2024-06-12 22:13:20,986 [Worker-24: Building] INFO  o.a.m.s.f.DefaultMavenResourcesFiltering - Copying 1 resource from src\main\resources to target\classes
2024-06-12 22:13:21,018 [Worker-24: Building] INFO  o.a.m.s.f.DefaultMavenResourcesFiltering - Copying 0 resource from src\main\resources to target\classes
2024-06-12 22:13:21,025 [Worker-24: Building] INFO  o.a.m.s.f.DefaultMavenResourcesFiltering - skip non existing resourceDirectory D:\myApp\Quiz_App\src\test\resources
2024-06-12 22:13:48,522 [Worker-24: Building] INFO  o.a.m.s.f.DefaultMavenResourcesFiltering - Copying 0 resource from src\main\resources to target\classes
2024-06-12 22:13:48,524 [Worker-24: Building] INFO  o.a.m.s.f.DefaultMavenResourcesFiltering - Copying 0 resource from src\main\resources to target\classes
2024-06-12 22:13:48,528 [Worker-24: Building] INFO  o.a.m.s.f.DefaultMavenResourcesFiltering - Copying 0 resource from src\test\resources to target\test-classes
2024-06-12 22:14:18,564 [Worker-24: Launching Executing install in D__myApp_Quiz_App] INFO  o.eclipse.m2e.core.internal.Bundles - getClasspathEntries(Bundle=org.eclipse.m2e.maven.runtime_3.9.600.20231203-1234 [637])
2024-06-12 22:14:18,565 [Worker-24: Launching Executing install in D__myApp_Quiz_App] INFO  o.eclipse.m2e.core.internal.Bundles - 	Entry: C:\Users\ganesh.guguloth\.p2\pool\plugins\org.eclipse.m2e.maven.runtime_3.9.600.20231203-1234
2024-06-12 22:14:18,566 [Worker-24: Launching Executing install in D__myApp_Quiz_App] INFO  o.eclipse.m2e.core.internal.Bundles - 	Entry: C:\Users\ganesh.guguloth\.p2\pool\plugins\org.eclipse.m2e.maven.runtime_3.9.600.20231203-1234\jars\aopalliance-1.0.jar
2024-06-12 22:14:18,566 [Worker-24: Launching Executing install in D__myApp_Quiz_App] INFO  o.eclipse.m2e.core.internal.Bundles - 	Entry: C:\Users\ganesh.guguloth\.p2\pool\plugins\org.eclipse.m2e.maven.runtime_3.9.600.20231203-1234\jars\guice-5.1.0.jar
2024-06-12 22:14:18,566 [Worker-24: Launching Executing install in D__myApp_Quiz_App] INFO  o.eclipse.m2e.core.internal.Bundles - 	Entry: C:\Users\ganesh.guguloth\.p2\pool\plugins\org.eclipse.m2e.maven.runtime_3.9.600.20231203-1234\jars\httpclient-4.5.14.jar
2024-06-12 22:14:18,566 [Worker-24: Launching Executing install in D__myApp_Quiz_App] INFO  o.eclipse.m2e.core.internal.Bundles - 	Entry: C:\Users\ganesh.guguloth\.p2\pool\plugins\org.eclipse.m2e.maven.runtime_3.9.600.20231203-1234\jars\httpcore-4.4.16.jar
2024-06-12 22:14:18,566 [Worker-24: Launching Executing install in D__myApp_Quiz_App] INFO  o.eclipse.m2e.core.internal.Bundles - 	Entry: C:\Users\ganesh.guguloth\.p2\pool\plugins\org.eclipse.m2e.maven.runtime_3.9.600.20231203-1234\jars\jansi-2.4.0.jar
2024-06-12 22:14:18,566 [Worker-24: Launching Executing install in D__myApp_Quiz_App] INFO  o.eclipse.m2e.core.internal.Bundles - 	Entry: C:\Users\ganesh.guguloth\.p2\pool\plugins\org.eclipse.m2e.maven.runtime_3.9.600.20231203-1234\jars\jcl-over-slf4j-1.7.36.jar
2024-06-12 22:14:18,567 [Worker-24: Launching Executing install in D__myApp_Quiz_App] INFO  o.eclipse.m2e.core.internal.Bundles - 	Entry: C:\Users\ganesh.guguloth\.p2\pool\plugins\org.eclipse.m2e.maven.runtime_3.9.600.20231203-1234\jars\maven-artifact-3.9.6.jar
2024-06-12 22:14:18,567 [Worker-24: Launching Executing install in D__myApp_Quiz_App] INFO  o.eclipse.m2e.core.internal.Bundles - 	Entry: C:\Users\ganesh.guguloth\.p2\pool\plugins\org.eclipse.m2e.maven.runtime_3.9.600.20231203-1234\jars\maven-builder-support-3.9.6.jar
2024-06-12 22:14:18,567 [Worker-24: Launching Executing install in D__myApp_Quiz_App] INFO  o.eclipse.m2e.core.internal.Bundles - 	Entry: C:\Users\ganesh.guguloth\.p2\pool\plugins\org.eclipse.m2e.maven.runtime_3.9.600.20231203-1234\jars\maven-compat-3.9.6.jar
2024-06-12 22:14:18,567 [Worker-24: Launching Executing install in D__myApp_Quiz_App] INFO  o.eclipse.m2e.core.internal.Bundles - 	Entry: C:\Users\ganesh.guguloth\.p2\pool\plugins\org.eclipse.m2e.maven.runtime_3.9.600.20231203-1234\jars\maven-core-3.9.6.jar
2024-06-12 22:14:18,567 [Worker-24: Launching Executing install in D__myApp_Quiz_App] INFO  o.eclipse.m2e.core.internal.Bundles - 	Entry: C:\Users\ganesh.guguloth\.p2\pool\plugins\org.eclipse.m2e.maven.runtime_3.9.600.20231203-1234\jars\maven-embedder-3.9.6.jar
2024-06-12 22:14:18,567 [Worker-24: Launching Executing install in D__myApp_Quiz_App] INFO  o.eclipse.m2e.core.internal.Bundles - 	Entry: C:\Users\ganesh.guguloth\.p2\pool\plugins\org.eclipse.m2e.maven.runtime_3.9.600.20231203-1234\jars\maven-model-3.9.6.jar
2024-06-12 22:14:18,567 [Worker-24: Launching Executing install in D__myApp_Quiz_App] INFO  o.eclipse.m2e.core.internal.Bundles - 	Entry: C:\Users\ganesh.guguloth\.p2\pool\plugins\org.eclipse.m2e.maven.runtime_3.9.600.20231203-1234\jars\maven-model-builder-3.9.6.jar
2024-06-12 22:14:18,568 [Worker-24: Launching Executing install in D__myApp_Quiz_App] INFO  o.eclipse.m2e.core.internal.Bundles - 	Entry: C:\Users\ganesh.guguloth\.p2\pool\plugins\org.eclipse.m2e.maven.runtime_3.9.600.20231203-1234\jars\maven-plugin-api-3.9.6.jar
2024-06-12 22:14:18,568 [Worker-24: Launching Executing install in D__myApp_Quiz_App] INFO  o.eclipse.m2e.core.internal.Bundles - 	Entry: C:\Users\ganesh.guguloth\.p2\pool\plugins\org.eclipse.m2e.maven.runtime_3.9.600.20231203-1234\jars\maven-repository-metadata-3.9.6.jar
2024-06-12 22:14:18,568 [Worker-24: Launching Executing install in D__myApp_Quiz_App] INFO  o.eclipse.m2e.core.internal.Bundles - 	Entry: C:\Users\ganesh.guguloth\.p2\pool\plugins\org.eclipse.m2e.maven.runtime_3.9.600.20231203-1234\jars\maven-resolver-api-1.9.18.jar
2024-06-12 22:14:18,568 [Worker-24: Launching Executing install in D__myApp_Quiz_App] INFO  o.eclipse.m2e.core.internal.Bundles - 	Entry: C:\Users\ganesh.guguloth\.p2\pool\plugins\org.eclipse.m2e.maven.runtime_3.9.600.20231203-1234\jars\maven-resolver-connector-basic-1.9.18.jar
2024-06-12 22:14:18,569 [Worker-24: Launching Executing install in D__myApp_Quiz_App] INFO  o.eclipse.m2e.core.internal.Bundles - 	Entry: C:\Users\ganesh.guguloth\.p2\pool\plugins\org.eclipse.m2e.maven.runtime_3.9.600.20231203-1234\jars\maven-resolver-impl-1.9.18.jar
2024-06-12 22:14:18,569 [Worker-24: Launching Executing install in D__myApp_Quiz_App] INFO  o.eclipse.m2e.core.internal.Bundles - 	Entry: C:\Users\ganesh.guguloth\.p2\pool\plugins\org.eclipse.m2e.maven.runtime_3.9.600.20231203-1234\jars\maven-resolver-named-locks-1.9.18.jar
2024-06-12 22:14:18,569 [Worker-24: Launching Executing install in D__myApp_Quiz_App] INFO  o.eclipse.m2e.core.internal.Bundles - 	Entry: C:\Users\ganesh.guguloth\.p2\pool\plugins\org.eclipse.m2e.maven.runtime_3.9.600.20231203-1234\jars\maven-resolver-provider-3.9.6.jar
2024-06-12 22:14:18,569 [Worker-24: Launching Executing install in D__myApp_Quiz_App] INFO  o.eclipse.m2e.core.internal.Bundles - 	Entry: C:\Users\ganesh.guguloth\.p2\pool\plugins\org.eclipse.m2e.maven.runtime_3.9.600.20231203-1234\jars\maven-resolver-spi-1.9.18.jar
2024-06-12 22:14:18,569 [Worker-24: Launching Executing install in D__myApp_Quiz_App] INFO  o.eclipse.m2e.core.internal.Bundles - 	Entry: C:\Users\ganesh.guguloth\.p2\pool\plugins\org.eclipse.m2e.maven.runtime_3.9.600.20231203-1234\jars\maven-resolver-transport-file-1.9.18.jar
2024-06-12 22:14:18,569 [Worker-24: Launching Executing install in D__myApp_Quiz_App] INFO  o.eclipse.m2e.core.internal.Bundles - 	Entry: C:\Users\ganesh.guguloth\.p2\pool\plugins\org.eclipse.m2e.maven.runtime_3.9.600.20231203-1234\jars\maven-resolver-transport-http-1.9.18.jar
2024-06-12 22:14:18,570 [Worker-24: Launching Executing install in D__myApp_Quiz_App] INFO  o.eclipse.m2e.core.internal.Bundles - 	Entry: C:\Users\ganesh.guguloth\.p2\pool\plugins\org.eclipse.m2e.maven.runtime_3.9.600.20231203-1234\jars\maven-resolver-transport-wagon-1.9.18.jar
2024-06-12 22:14:18,570 [Worker-24: Launching Executing install in D__myApp_Quiz_App] INFO  o.eclipse.m2e.core.internal.Bundles - 	Entry: C:\Users\ganesh.guguloth\.p2\pool\plugins\org.eclipse.m2e.maven.runtime_3.9.600.20231203-1234\jars\maven-resolver-util-1.9.18.jar
2024-06-12 22:14:18,570 [Worker-24: Launching Executing install in D__myApp_Quiz_App] INFO  o.eclipse.m2e.core.internal.Bundles - 	Entry: C:\Users\ganesh.guguloth\.p2\pool\plugins\org.eclipse.m2e.maven.runtime_3.9.600.20231203-1234\jars\maven-settings-3.9.6.jar
2024-06-12 22:14:18,570 [Worker-24: Launching Executing install in D__myApp_Quiz_App] INFO  o.eclipse.m2e.core.internal.Bundles - 	Entry: C:\Users\ganesh.guguloth\.p2\pool\plugins\org.eclipse.m2e.maven.runtime_3.9.600.20231203-1234\jars\maven-settings-builder-3.9.6.jar
2024-06-12 22:14:18,570 [Worker-24: Launching Executing install in D__myApp_Quiz_App] INFO  o.eclipse.m2e.core.internal.Bundles - 	Entry: C:\Users\ganesh.guguloth\.p2\pool\plugins\org.eclipse.m2e.maven.runtime_3.9.600.20231203-1234\jars\maven-shared-utils-3.3.4.jar
2024-06-12 22:14:18,570 [Worker-24: Launching Executing install in D__myApp_Quiz_App] INFO  o.eclipse.m2e.core.internal.Bundles - 	Entry: C:\Users\ganesh.guguloth\.p2\pool\plugins\org.eclipse.m2e.maven.runtime_3.9.600.20231203-1234\jars\org.eclipse.sisu.inject-0.9.0.M2.jar
2024-06-12 22:14:18,570 [Worker-24: Launching Executing install in D__myApp_Quiz_App] INFO  o.eclipse.m2e.core.internal.Bundles - 	Entry: C:\Users\ganesh.guguloth\.p2\pool\plugins\org.eclipse.m2e.maven.runtime_3.9.600.20231203-1234\jars\org.eclipse.sisu.plexus-0.9.0.M2.jar
2024-06-12 22:14:18,570 [Worker-24: Launching Executing install in D__myApp_Quiz_App] INFO  o.eclipse.m2e.core.internal.Bundles - 	Entry: C:\Users\ganesh.guguloth\.p2\pool\plugins\org.eclipse.m2e.maven.runtime_3.9.600.20231203-1234\jars\plexus-build-api-0.0.7.jar
2024-06-12 22:14:18,570 [Worker-24: Launching Executing install in D__myApp_Quiz_App] INFO  o.eclipse.m2e.core.internal.Bundles - 	Entry: C:\Users\ganesh.guguloth\.p2\pool\plugins\org.eclipse.m2e.maven.runtime_3.9.600.20231203-1234\jars\plexus-cipher-2.0.jar
2024-06-12 22:14:18,570 [Worker-24: Launching Executing install in D__myApp_Quiz_App] INFO  o.eclipse.m2e.core.internal.Bundles - 	Entry: C:\Users\ganesh.guguloth\.p2\pool\plugins\org.eclipse.m2e.maven.runtime_3.9.600.20231203-1234\jars\plexus-classworlds-2.7.0.jar
2024-06-12 22:14:18,570 [Worker-24: Launching Executing install in D__myApp_Quiz_App] INFO  o.eclipse.m2e.core.internal.Bundles - 	Entry: C:\Users\ganesh.guguloth\.p2\pool\plugins\org.eclipse.m2e.maven.runtime_3.9.600.20231203-1234\jars\plexus-component-annotations-2.1.0.jar
2024-06-12 22:14:18,571 [Worker-24: Launching Executing install in D__myApp_Quiz_App] INFO  o.eclipse.m2e.core.internal.Bundles - 	Entry: C:\Users\ganesh.guguloth\.p2\pool\plugins\org.eclipse.m2e.maven.runtime_3.9.600.20231203-1234\jars\plexus-interpolation-1.26.jar
2024-06-12 22:14:18,571 [Worker-24: Launching Executing install in D__myApp_Quiz_App] INFO  o.eclipse.m2e.core.internal.Bundles - 	Entry: C:\Users\ganesh.guguloth\.p2\pool\plugins\org.eclipse.m2e.maven.runtime_3.9.600.20231203-1234\jars\plexus-sec-dispatcher-2.0.jar
2024-06-12 22:14:18,571 [Worker-24: Launching Executing install in D__myApp_Quiz_App] INFO  o.eclipse.m2e.core.internal.Bundles - 	Entry: C:\Users\ganesh.guguloth\.p2\pool\plugins\org.eclipse.m2e.maven.runtime_3.9.600.20231203-1234\jars\plexus-utils-3.5.1.jar
2024-06-12 22:14:18,571 [Worker-24: Launching Executing install in D__myApp_Quiz_App] INFO  o.eclipse.m2e.core.internal.Bundles - 	Entry: C:\Users\ganesh.guguloth\.p2\pool\plugins\org.eclipse.m2e.maven.runtime_3.9.600.20231203-1234\jars\wagon-file-3.5.3.jar
2024-06-12 22:14:18,571 [Worker-24: Launching Executing install in D__myApp_Quiz_App] INFO  o.eclipse.m2e.core.internal.Bundles - 	Entry: C:\Users\ganesh.guguloth\.p2\pool\plugins\org.eclipse.m2e.maven.runtime_3.9.600.20231203-1234\jars\wagon-http-3.5.3.jar
2024-06-12 22:14:18,571 [Worker-24: Launching Executing install in D__myApp_Quiz_App] INFO  o.eclipse.m2e.core.internal.Bundles - 	Entry: C:\Users\ganesh.guguloth\.p2\pool\plugins\org.eclipse.m2e.maven.runtime_3.9.600.20231203-1234\jars\wagon-http-shared-3.5.3.jar
2024-06-12 22:14:18,571 [Worker-24: Launching Executing install in D__myApp_Quiz_App] INFO  o.eclipse.m2e.core.internal.Bundles - 	Entry: C:\Users\ganesh.guguloth\.p2\pool\plugins\org.eclipse.m2e.maven.runtime_3.9.600.20231203-1234\jars\wagon-provider-api-3.5.3.jar
2024-06-12 22:14:18,573 [Worker-24: Launching Executing install in D__myApp_Quiz_App] INFO  o.eclipse.m2e.core.internal.Bundles - getClasspathEntries(Bundle=com.google.guava_33.0.0.jre [14])
2024-06-12 22:14:18,573 [Worker-24: Launching Executing install in D__myApp_Quiz_App] INFO  o.eclipse.m2e.core.internal.Bundles - 	Entry: C:\Users\ganesh.guguloth\.p2\pool\plugins\com.google.guava_33.0.0.jre.jar
2024-06-12 22:14:18,573 [Worker-24: Launching Executing install in D__myApp_Quiz_App] INFO  o.eclipse.m2e.core.internal.Bundles - getClasspathEntries(Bundle=slf4j.api_2.0.13 [999])
2024-06-12 22:14:18,574 [Worker-24: Launching Executing install in D__myApp_Quiz_App] INFO  o.eclipse.m2e.core.internal.Bundles - 	Entry: C:\Users\ganesh.guguloth\.p2\pool\plugins\slf4j.api_2.0.13.jar
2024-06-12 22:14:18,574 [Worker-24: Launching Executing install in D__myApp_Quiz_App] INFO  o.eclipse.m2e.core.internal.Bundles - getClasspathEntries(Bundle=jakarta.inject.jakarta.inject-api_1.0.5 [32])
2024-06-12 22:14:18,574 [Worker-24: Launching Executing install in D__myApp_Quiz_App] INFO  o.eclipse.m2e.core.internal.Bundles - 	Entry: C:\Users\ganesh.guguloth\.p2\pool\plugins\jakarta.inject.jakarta.inject-api_1.0.5.jar
2024-06-12 22:14:18,574 [Worker-24: Launching Executing install in D__myApp_Quiz_App] INFO  o.eclipse.m2e.core.internal.Bundles - getClasspathEntries(Bundle=jakarta.annotation-api_1.3.5 [27])
2024-06-12 22:14:18,574 [Worker-24: Launching Executing install in D__myApp_Quiz_App] INFO  o.eclipse.m2e.core.internal.Bundles - 	Entry: C:\Users\ganesh.guguloth\.p2\pool\plugins\jakarta.annotation-api_1.3.5.jar
2024-06-12 22:14:18,574 [Worker-24: Launching Executing install in D__myApp_Quiz_App] INFO  o.eclipse.m2e.core.internal.Bundles - getClasspathEntries(Bundle=org.apache.commons.cli_1.6.0 [75])
2024-06-12 22:14:18,575 [Worker-24: Launching Executing install in D__myApp_Quiz_App] INFO  o.eclipse.m2e.core.internal.Bundles - 	Entry: C:\Users\ganesh.guguloth\.p2\pool\plugins\org.apache.commons.cli_1.6.0.jar
2024-06-12 22:14:18,575 [Worker-24: Launching Executing install in D__myApp_Quiz_App] INFO  o.eclipse.m2e.core.internal.Bundles - getClasspathEntries(Bundle=org.apache.commons.commons-codec_1.16.0 [78])
2024-06-12 22:14:18,575 [Worker-24: Launching Executing install in D__myApp_Quiz_App] INFO  o.eclipse.m2e.core.internal.Bundles - 	Entry: C:\Users\ganesh.guguloth\.p2\pool\plugins\org.apache.commons.commons-codec_1.16.0.jar
2024-06-12 22:14:18,575 [Worker-24: Launching Executing install in D__myApp_Quiz_App] INFO  o.eclipse.m2e.core.internal.Bundles - getClasspathEntries(Bundle=org.apache.commons.lang3_3.14.0 [86])
2024-06-12 22:14:18,575 [Worker-24: Launching Executing install in D__myApp_Quiz_App] INFO  o.eclipse.m2e.core.internal.Bundles - 	Entry: C:\Users\ganesh.guguloth\.p2\pool\plugins\org.apache.commons.lang3_3.14.0.jar
2024-06-12 22:14:18,575 [Worker-24: Launching Executing install in D__myApp_Quiz_App] INFO  o.eclipse.m2e.core.internal.Bundles - getClasspathEntries(Bundle=com.google.guava.failureaccess_1.0.2 [15])
2024-06-12 22:14:18,576 [Worker-24: Launching Executing install in D__myApp_Quiz_App] INFO  o.eclipse.m2e.core.internal.Bundles - 	Entry: C:\Users\ganesh.guguloth\.p2\pool\plugins\com.google.guava.failureaccess_1.0.2.jar
2024-06-12 22:14:18,581 [Worker-24: Launching Executing install in D__myApp_Quiz_App] INFO  o.e.m.i.launch.MavenLaunchDelegate - Run build in "D:\myApp\Quiz_App":
2024-06-12 22:14:18,587 [Worker-24: Launching Executing install in D__myApp_Quiz_App] INFO  o.e.m.i.launch.MavenLaunchDelegate -  mvn  -B -Dstyle.color=always install
2024-06-12 22:15:03,603 [main] INFO  o.e.m2e.actions.ExecutePomAction - Creating new launch configuration
2024-06-12 22:15:19,255 [Worker-24: Launching Quiz_App] INFO  o.eclipse.m2e.core.internal.Bundles - getClasspathEntries(Bundle=org.eclipse.m2e.maven.runtime_3.9.600.20231203-1234 [637])
2024-06-12 22:15:19,256 [Worker-24: Launching Quiz_App] INFO  o.eclipse.m2e.core.internal.Bundles - 	Entry: C:\Users\ganesh.guguloth\.p2\pool\plugins\org.eclipse.m2e.maven.runtime_3.9.600.20231203-1234
2024-06-12 22:15:19,256 [Worker-24: Launching Quiz_App] INFO  o.eclipse.m2e.core.internal.Bundles - 	Entry: C:\Users\ganesh.guguloth\.p2\pool\plugins\org.eclipse.m2e.maven.runtime_3.9.600.20231203-1234\jars\aopalliance-1.0.jar
2024-06-12 22:15:19,256 [Worker-24: Launching Quiz_App] INFO  o.eclipse.m2e.core.internal.Bundles - 	Entry: C:\Users\ganesh.guguloth\.p2\pool\plugins\org.eclipse.m2e.maven.runtime_3.9.600.20231203-1234\jars\guice-5.1.0.jar
2024-06-12 22:15:19,256 [Worker-24: Launching Quiz_App] INFO  o.eclipse.m2e.core.internal.Bundles - 	Entry: C:\Users\ganesh.guguloth\.p2\pool\plugins\org.eclipse.m2e.maven.runtime_3.9.600.20231203-1234\jars\httpclient-4.5.14.jar
2024-06-12 22:15:19,256 [Worker-24: Launching Quiz_App] INFO  o.eclipse.m2e.core.internal.Bundles - 	Entry: C:\Users\ganesh.guguloth\.p2\pool\plugins\org.eclipse.m2e.maven.runtime_3.9.600.20231203-1234\jars\httpcore-4.4.16.jar
2024-06-12 22:15:19,256 [Worker-24: Launching Quiz_App] INFO  o.eclipse.m2e.core.internal.Bundles - 	Entry: C:\Users\ganesh.guguloth\.p2\pool\plugins\org.eclipse.m2e.maven.runtime_3.9.600.20231203-1234\jars\jansi-2.4.0.jar
2024-06-12 22:15:19,257 [Worker-24: Launching Quiz_App] INFO  o.eclipse.m2e.core.internal.Bundles - 	Entry: C:\Users\ganesh.guguloth\.p2\pool\plugins\org.eclipse.m2e.maven.runtime_3.9.600.20231203-1234\jars\jcl-over-slf4j-1.7.36.jar
2024-06-12 22:15:19,257 [Worker-24: Launching Quiz_App] INFO  o.eclipse.m2e.core.internal.Bundles - 	Entry: C:\Users\ganesh.guguloth\.p2\pool\plugins\org.eclipse.m2e.maven.runtime_3.9.600.20231203-1234\jars\maven-artifact-3.9.6.jar
2024-06-12 22:15:19,257 [Worker-24: Launching Quiz_App] INFO  o.eclipse.m2e.core.internal.Bundles - 	Entry: C:\Users\ganesh.guguloth\.p2\pool\plugins\org.eclipse.m2e.maven.runtime_3.9.600.20231203-1234\jars\maven-builder-support-3.9.6.jar
2024-06-12 22:15:19,257 [Worker-24: Launching Quiz_App] INFO  o.eclipse.m2e.core.internal.Bundles - 	Entry: C:\Users\ganesh.guguloth\.p2\pool\plugins\org.eclipse.m2e.maven.runtime_3.9.600.20231203-1234\jars\maven-compat-3.9.6.jar
2024-06-12 22:15:19,257 [Worker-24: Launching Quiz_App] INFO  o.eclipse.m2e.core.internal.Bundles - 	Entry: C:\Users\ganesh.guguloth\.p2\pool\plugins\org.eclipse.m2e.maven.runtime_3.9.600.20231203-1234\jars\maven-core-3.9.6.jar
2024-06-12 22:15:19,257 [Worker-24: Launching Quiz_App] INFO  o.eclipse.m2e.core.internal.Bundles - 	Entry: C:\Users\ganesh.guguloth\.p2\pool\plugins\org.eclipse.m2e.maven.runtime_3.9.600.20231203-1234\jars\maven-embedder-3.9.6.jar
2024-06-12 22:15:19,257 [Worker-24: Launching Quiz_App] INFO  o.eclipse.m2e.core.internal.Bundles - 	Entry: C:\Users\ganesh.guguloth\.p2\pool\plugins\org.eclipse.m2e.maven.runtime_3.9.600.20231203-1234\jars\maven-model-3.9.6.jar
2024-06-12 22:15:19,257 [Worker-24: Launching Quiz_App] INFO  o.eclipse.m2e.core.internal.Bundles - 	Entry: C:\Users\ganesh.guguloth\.p2\pool\plugins\org.eclipse.m2e.maven.runtime_3.9.600.20231203-1234\jars\maven-model-builder-3.9.6.jar
2024-06-12 22:15:19,258 [Worker-24: Launching Quiz_App] INFO  o.eclipse.m2e.core.internal.Bundles - 	Entry: C:\Users\ganesh.guguloth\.p2\pool\plugins\org.eclipse.m2e.maven.runtime_3.9.600.20231203-1234\jars\maven-plugin-api-3.9.6.jar
2024-06-12 22:15:19,258 [Worker-24: Launching Quiz_App] INFO  o.eclipse.m2e.core.internal.Bundles - 	Entry: C:\Users\ganesh.guguloth\.p2\pool\plugins\org.eclipse.m2e.maven.runtime_3.9.600.20231203-1234\jars\maven-repository-metadata-3.9.6.jar
2024-06-12 22:15:19,258 [Worker-24: Launching Quiz_App] INFO  o.eclipse.m2e.core.internal.Bundles - 	Entry: C:\Users\ganesh.guguloth\.p2\pool\plugins\org.eclipse.m2e.maven.runtime_3.9.600.20231203-1234\jars\maven-resolver-api-1.9.18.jar
2024-06-12 22:15:19,258 [Worker-24: Launching Quiz_App] INFO  o.eclipse.m2e.core.internal.Bundles - 	Entry: C:\Users\ganesh.guguloth\.p2\pool\plugins\org.eclipse.m2e.maven.runtime_3.9.600.20231203-1234\jars\maven-resolver-connector-basic-1.9.18.jar
2024-06-12 22:15:19,258 [Worker-24: Launching Quiz_App] INFO  o.eclipse.m2e.core.internal.Bundles - 	Entry: C:\Users\ganesh.guguloth\.p2\pool\plugins\org.eclipse.m2e.maven.runtime_3.9.600.20231203-1234\jars\maven-resolver-impl-1.9.18.jar
2024-06-12 22:15:19,258 [Worker-24: Launching Quiz_App] INFO  o.eclipse.m2e.core.internal.Bundles - 	Entry: C:\Users\ganesh.guguloth\.p2\pool\plugins\org.eclipse.m2e.maven.runtime_3.9.600.20231203-1234\jars\maven-resolver-named-locks-1.9.18.jar
2024-06-12 22:15:19,258 [Worker-24: Launching Quiz_App] INFO  o.eclipse.m2e.core.internal.Bundles - 	Entry: C:\Users\ganesh.guguloth\.p2\pool\plugins\org.eclipse.m2e.maven.runtime_3.9.600.20231203-1234\jars\maven-resolver-provider-3.9.6.jar
2024-06-12 22:15:19,259 [Worker-24: Launching Quiz_App] INFO  o.eclipse.m2e.core.internal.Bundles - 	Entry: C:\Users\ganesh.guguloth\.p2\pool\plugins\org.eclipse.m2e.maven.runtime_3.9.600.20231203-1234\jars\maven-resolver-spi-1.9.18.jar
2024-06-12 22:15:19,259 [Worker-24: Launching Quiz_App] INFO  o.eclipse.m2e.core.internal.Bundles - 	Entry: C:\Users\ganesh.guguloth\.p2\pool\plugins\org.eclipse.m2e.maven.runtime_3.9.600.20231203-1234\jars\maven-resolver-transport-file-1.9.18.jar
2024-06-12 22:15:19,259 [Worker-24: Launching Quiz_App] INFO  o.eclipse.m2e.core.internal.Bundles - 	Entry: C:\Users\ganesh.guguloth\.p2\pool\plugins\org.eclipse.m2e.maven.runtime_3.9.600.20231203-1234\jars\maven-resolver-transport-http-1.9.18.jar
2024-06-12 22:15:19,259 [Worker-24: Launching Quiz_App] INFO  o.eclipse.m2e.core.internal.Bundles - 	Entry: C:\Users\ganesh.guguloth\.p2\pool\plugins\org.eclipse.m2e.maven.runtime_3.9.600.20231203-1234\jars\maven-resolver-transport-wagon-1.9.18.jar
2024-06-12 22:15:19,259 [Worker-24: Launching Quiz_App] INFO  o.eclipse.m2e.core.internal.Bundles - 	Entry: C:\Users\ganesh.guguloth\.p2\pool\plugins\org.eclipse.m2e.maven.runtime_3.9.600.20231203-1234\jars\maven-resolver-util-1.9.18.jar
2024-06-12 22:15:19,259 [Worker-24: Launching Quiz_App] INFO  o.eclipse.m2e.core.internal.Bundles - 	Entry: C:\Users\ganesh.guguloth\.p2\pool\plugins\org.eclipse.m2e.maven.runtime_3.9.600.20231203-1234\jars\maven-settings-3.9.6.jar
2024-06-12 22:15:19,259 [Worker-24: Launching Quiz_App] INFO  o.eclipse.m2e.core.internal.Bundles - 	Entry: C:\Users\ganesh.guguloth\.p2\pool\plugins\org.eclipse.m2e.maven.runtime_3.9.600.20231203-1234\jars\maven-settings-builder-3.9.6.jar
2024-06-12 22:15:19,259 [Worker-24: Launching Quiz_App] INFO  o.eclipse.m2e.core.internal.Bundles - 	Entry: C:\Users\ganesh.guguloth\.p2\pool\plugins\org.eclipse.m2e.maven.runtime_3.9.600.20231203-1234\jars\maven-shared-utils-3.3.4.jar
2024-06-12 22:15:19,260 [Worker-24: Launching Quiz_App] INFO  o.eclipse.m2e.core.internal.Bundles - 	Entry: C:\Users\ganesh.guguloth\.p2\pool\plugins\org.eclipse.m2e.maven.runtime_3.9.600.20231203-1234\jars\org.eclipse.sisu.inject-0.9.0.M2.jar
2024-06-12 22:15:19,260 [Worker-24: Launching Quiz_App] INFO  o.eclipse.m2e.core.internal.Bundles - 	Entry: C:\Users\ganesh.guguloth\.p2\pool\plugins\org.eclipse.m2e.maven.runtime_3.9.600.20231203-1234\jars\org.eclipse.sisu.plexus-0.9.0.M2.jar
2024-06-12 22:15:19,260 [Worker-24: Launching Quiz_App] INFO  o.eclipse.m2e.core.internal.Bundles - 	Entry: C:\Users\ganesh.guguloth\.p2\pool\plugins\org.eclipse.m2e.maven.runtime_3.9.600.20231203-1234\jars\plexus-build-api-0.0.7.jar
2024-06-12 22:15:19,260 [Worker-24: Launching Quiz_App] INFO  o.eclipse.m2e.core.internal.Bundles - 	Entry: C:\Users\ganesh.guguloth\.p2\pool\plugins\org.eclipse.m2e.maven.runtime_3.9.600.20231203-1234\jars\plexus-cipher-2.0.jar
2024-06-12 22:15:19,260 [Worker-24: Launching Quiz_App] INFO  o.eclipse.m2e.core.internal.Bundles - 	Entry: C:\Users\ganesh.guguloth\.p2\pool\plugins\org.eclipse.m2e.maven.runtime_3.9.600.20231203-1234\jars\plexus-classworlds-2.7.0.jar
2024-06-12 22:15:19,260 [Worker-24: Launching Quiz_App] INFO  o.eclipse.m2e.core.internal.Bundles - 	Entry: C:\Users\ganesh.guguloth\.p2\pool\plugins\org.eclipse.m2e.maven.runtime_3.9.600.20231203-1234\jars\plexus-component-annotations-2.1.0.jar
2024-06-12 22:15:19,260 [Worker-24: Launching Quiz_App] INFO  o.eclipse.m2e.core.internal.Bundles - 	Entry: C:\Users\ganesh.guguloth\.p2\pool\plugins\org.eclipse.m2e.maven.runtime_3.9.600.20231203-1234\jars\plexus-interpolation-1.26.jar
2024-06-12 22:15:19,261 [Worker-24: Launching Quiz_App] INFO  o.eclipse.m2e.core.internal.Bundles - 	Entry: C:\Users\ganesh.guguloth\.p2\pool\plugins\org.eclipse.m2e.maven.runtime_3.9.600.20231203-1234\jars\plexus-sec-dispatcher-2.0.jar
2024-06-12 22:15:19,261 [Worker-24: Launching Quiz_App] INFO  o.eclipse.m2e.core.internal.Bundles - 	Entry: C:\Users\ganesh.guguloth\.p2\pool\plugins\org.eclipse.m2e.maven.runtime_3.9.600.20231203-1234\jars\plexus-utils-3.5.1.jar
2024-06-12 22:15:19,261 [Worker-24: Launching Quiz_App] INFO  o.eclipse.m2e.core.internal.Bundles - 	Entry: C:\Users\ganesh.guguloth\.p2\pool\plugins\org.eclipse.m2e.maven.runtime_3.9.600.20231203-1234\jars\wagon-file-3.5.3.jar
2024-06-12 22:15:19,261 [Worker-24: Launching Quiz_App] INFO  o.eclipse.m2e.core.internal.Bundles - 	Entry: C:\Users\ganesh.guguloth\.p2\pool\plugins\org.eclipse.m2e.maven.runtime_3.9.600.20231203-1234\jars\wagon-http-3.5.3.jar
2024-06-12 22:15:19,261 [Worker-24: Launching Quiz_App] INFO  o.eclipse.m2e.core.internal.Bundles - 	Entry: C:\Users\ganesh.guguloth\.p2\pool\plugins\org.eclipse.m2e.maven.runtime_3.9.600.20231203-1234\jars\wagon-http-shared-3.5.3.jar
2024-06-12 22:15:19,261 [Worker-24: Launching Quiz_App] INFO  o.eclipse.m2e.core.internal.Bundles - 	Entry: C:\Users\ganesh.guguloth\.p2\pool\plugins\org.eclipse.m2e.maven.runtime_3.9.600.20231203-1234\jars\wagon-provider-api-3.5.3.jar
2024-06-12 22:15:19,261 [Worker-24: Launching Quiz_App] INFO  o.eclipse.m2e.core.internal.Bundles - getClasspathEntries(Bundle=com.google.guava_33.0.0.jre [14])
2024-06-12 22:15:19,262 [Worker-24: Launching Quiz_App] INFO  o.eclipse.m2e.core.internal.Bundles - 	Entry: C:\Users\ganesh.guguloth\.p2\pool\plugins\com.google.guava_33.0.0.jre.jar
2024-06-12 22:15:19,262 [Worker-24: Launching Quiz_App] INFO  o.eclipse.m2e.core.internal.Bundles - getClasspathEntries(Bundle=slf4j.api_2.0.13 [999])
2024-06-12 22:15:19,262 [Worker-24: Launching Quiz_App] INFO  o.eclipse.m2e.core.internal.Bundles - 	Entry: C:\Users\ganesh.guguloth\.p2\pool\plugins\slf4j.api_2.0.13.jar
2024-06-12 22:15:19,262 [Worker-24: Launching Quiz_App] INFO  o.eclipse.m2e.core.internal.Bundles - getClasspathEntries(Bundle=jakarta.inject.jakarta.inject-api_1.0.5 [32])
2024-06-12 22:15:19,262 [Worker-24: Launching Quiz_App] INFO  o.eclipse.m2e.core.internal.Bundles - 	Entry: C:\Users\ganesh.guguloth\.p2\pool\plugins\jakarta.inject.jakarta.inject-api_1.0.5.jar
2024-06-12 22:15:19,263 [Worker-24: Launching Quiz_App] INFO  o.eclipse.m2e.core.internal.Bundles - getClasspathEntries(Bundle=jakarta.annotation-api_1.3.5 [27])
2024-06-12 22:15:19,263 [Worker-24: Launching Quiz_App] INFO  o.eclipse.m2e.core.internal.Bundles - 	Entry: C:\Users\ganesh.guguloth\.p2\pool\plugins\jakarta.annotation-api_1.3.5.jar
2024-06-12 22:15:19,263 [Worker-24: Launching Quiz_App] INFO  o.eclipse.m2e.core.internal.Bundles - getClasspathEntries(Bundle=org.apache.commons.cli_1.6.0 [75])
2024-06-12 22:15:19,263 [Worker-24: Launching Quiz_App] INFO  o.eclipse.m2e.core.internal.Bundles - 	Entry: C:\Users\ganesh.guguloth\.p2\pool\plugins\org.apache.commons.cli_1.6.0.jar
2024-06-12 22:15:19,263 [Worker-24: Launching Quiz_App] INFO  o.eclipse.m2e.core.internal.Bundles - getClasspathEntries(Bundle=org.apache.commons.commons-codec_1.16.0 [78])
2024-06-12 22:15:19,263 [Worker-24: Launching Quiz_App] INFO  o.eclipse.m2e.core.internal.Bundles - 	Entry: C:\Users\ganesh.guguloth\.p2\pool\plugins\org.apache.commons.commons-codec_1.16.0.jar
2024-06-12 22:15:19,263 [Worker-24: Launching Quiz_App] INFO  o.eclipse.m2e.core.internal.Bundles - getClasspathEntries(Bundle=org.apache.commons.lang3_3.14.0 [86])
2024-06-12 22:15:19,263 [Worker-24: Launching Quiz_App] INFO  o.eclipse.m2e.core.internal.Bundles - 	Entry: C:\Users\ganesh.guguloth\.p2\pool\plugins\org.apache.commons.lang3_3.14.0.jar
2024-06-12 22:15:19,263 [Worker-24: Launching Quiz_App] INFO  o.eclipse.m2e.core.internal.Bundles - getClasspathEntries(Bundle=com.google.guava.failureaccess_1.0.2 [15])
2024-06-12 22:15:19,263 [Worker-24: Launching Quiz_App] INFO  o.eclipse.m2e.core.internal.Bundles - 	Entry: C:\Users\ganesh.guguloth\.p2\pool\plugins\com.google.guava.failureaccess_1.0.2.jar
2024-06-12 22:15:19,265 [Worker-24: Launching Quiz_App] INFO  o.e.m.i.launch.MavenLaunchDelegate - Run build in "D:\myApp\Quiz_App":
2024-06-12 22:15:19,266 [Worker-24: Launching Quiz_App] INFO  o.e.m.i.launch.MavenLaunchDelegate -  mvn  -B -Dstyle.color=always clean package
